[2025-06-25 11:53:34] local.ERROR: filemtime(): stat failed for /Applications/XAMPP/xamppfiles/htdocs/web/local-business-discovery/.env {"exception":"[object] (ErrorException(code: 0): filemtime(): stat failed for /Applications/XAMPP/xamppfiles/htdocs/web/local-business-discovery/.env at /Applications/XAMPP/xamppfiles/htdocs/web/local-business-discovery/vendor/laravel/framework/src/Illuminate/Foundation/Console/ServeCommand.php:138)
[stacktrace]
#0 /Applications/XAMPP/xamppfiles/htdocs/web/local-business-discovery/vendor/laravel/framework/src/Illuminate/Foundation/Bootstrap/HandleExceptions.php(256): Illuminate\\Foundation\\Bootstrap\\HandleExceptions->handleError(2, 'filemtime(): st...', '/Applications/X...', 138)
#1 [internal function]: Illuminate\\Foundation\\Bootstrap\\HandleExceptions->Illuminate\\Foundation\\Bootstrap\\{closure}(2, 'filemtime(): st...', '/Applications/X...', 138)
#2 /Applications/XAMPP/xamppfiles/htdocs/web/local-business-discovery/vendor/laravel/framework/src/Illuminate/Foundation/Console/ServeCommand.php(138): filemtime('/Applications/X...')
#3 /Applications/XAMPP/xamppfiles/htdocs/web/local-business-discovery/vendor/laravel/framework/src/Illuminate/Container/BoundMethod.php(36): Illuminate\\Foundation\\Console\\ServeCommand->handle()
#4 /Applications/XAMPP/xamppfiles/htdocs/web/local-business-discovery/vendor/laravel/framework/src/Illuminate/Container/Util.php(43): Illuminate\\Container\\BoundMethod::Illuminate\\Container\\{closure}()
#5 /Applications/XAMPP/xamppfiles/htdocs/web/local-business-discovery/vendor/laravel/framework/src/Illuminate/Container/BoundMethod.php(96): Illuminate\\Container\\Util::unwrapIfClosure(Object(Closure))
#6 /Applications/XAMPP/xamppfiles/htdocs/web/local-business-discovery/vendor/laravel/framework/src/Illuminate/Container/BoundMethod.php(35): Illuminate\\Container\\BoundMethod::callBoundMethod(Object(Illuminate\\Foundation\\Application), Array, Object(Closure))
#7 /Applications/XAMPP/xamppfiles/htdocs/web/local-business-discovery/vendor/laravel/framework/src/Illuminate/Container/Container.php(754): Illuminate\\Container\\BoundMethod::call(Object(Illuminate\\Foundation\\Application), Array, Array, NULL)
#8 /Applications/XAMPP/xamppfiles/htdocs/web/local-business-discovery/vendor/laravel/framework/src/Illuminate/Console/Command.php(209): Illuminate\\Container\\Container->call(Array)
#9 /Applications/XAMPP/xamppfiles/htdocs/web/local-business-discovery/vendor/symfony/console/Command/Command.php(318): Illuminate\\Console\\Command->execute(Object(Symfony\\Component\\Console\\Input\\ArgvInput), Object(Illuminate\\Console\\OutputStyle))
#10 /Applications/XAMPP/xamppfiles/htdocs/web/local-business-discovery/vendor/laravel/framework/src/Illuminate/Console/Command.php(178): Symfony\\Component\\Console\\Command\\Command->run(Object(Symfony\\Component\\Console\\Input\\ArgvInput), Object(Illuminate\\Console\\OutputStyle))
#11 /Applications/XAMPP/xamppfiles/htdocs/web/local-business-discovery/vendor/symfony/console/Application.php(1092): Illuminate\\Console\\Command->run(Object(Symfony\\Component\\Console\\Input\\ArgvInput), Object(Symfony\\Component\\Console\\Output\\ConsoleOutput))
#12 /Applications/XAMPP/xamppfiles/htdocs/web/local-business-discovery/vendor/symfony/console/Application.php(341): Symfony\\Component\\Console\\Application->doRunCommand(Object(Illuminate\\Foundation\\Console\\ServeCommand), Object(Symfony\\Component\\Console\\Input\\ArgvInput), Object(Symfony\\Component\\Console\\Output\\ConsoleOutput))
#13 /Applications/XAMPP/xamppfiles/htdocs/web/local-business-discovery/vendor/symfony/console/Application.php(192): Symfony\\Component\\Console\\Application->doRun(Object(Symfony\\Component\\Console\\Input\\ArgvInput), Object(Symfony\\Component\\Console\\Output\\ConsoleOutput))
#14 /Applications/XAMPP/xamppfiles/htdocs/web/local-business-discovery/vendor/laravel/framework/src/Illuminate/Foundation/Console/Kernel.php(197): Symfony\\Component\\Console\\Application->run(Object(Symfony\\Component\\Console\\Input\\ArgvInput), Object(Symfony\\Component\\Console\\Output\\ConsoleOutput))
#15 /Applications/XAMPP/xamppfiles/htdocs/web/local-business-discovery/vendor/laravel/framework/src/Illuminate/Foundation/Application.php(1234): Illuminate\\Foundation\\Console\\Kernel->handle(Object(Symfony\\Component\\Console\\Input\\ArgvInput), Object(Symfony\\Component\\Console\\Output\\ConsoleOutput))
#16 /Applications/XAMPP/xamppfiles/htdocs/web/local-business-discovery/artisan(16): Illuminate\\Foundation\\Application->handleCommand(Object(Symfony\\Component\\Console\\Input\\ArgvInput))
#17 {main}
"} 
[2025-06-25 11:53:34] local.ERROR: include(/Applications/XAMPP/xamppfiles/htdocs/web/local-business-discovery/vendor/composer/../filp/whoops/src/Whoops/Handler/Handler.php): Failed to open stream: No such file or directory {"exception":"[object] (ErrorException(code: 0): include(/Applications/XAMPP/xamppfiles/htdocs/web/local-business-discovery/vendor/composer/../filp/whoops/src/Whoops/Handler/Handler.php): Failed to open stream: No such file or directory at /Applications/XAMPP/xamppfiles/htdocs/web/local-business-discovery/vendor/composer/ClassLoader.php:576)
[stacktrace]
#0 /Applications/XAMPP/xamppfiles/htdocs/web/local-business-discovery/vendor/laravel/framework/src/Illuminate/Foundation/Bootstrap/HandleExceptions.php(256): Illuminate\\Foundation\\Bootstrap\\HandleExceptions->handleError(2, 'include(/Applic...', '/Applications/X...', 576)
#1 /Applications/XAMPP/xamppfiles/htdocs/web/local-business-discovery/vendor/composer/ClassLoader.php(576): Illuminate\\Foundation\\Bootstrap\\HandleExceptions->Illuminate\\Foundation\\Bootstrap\\{closure}(2, 'include(/Applic...', '/Applications/X...', 576)
#2 /Applications/XAMPP/xamppfiles/htdocs/web/local-business-discovery/vendor/composer/ClassLoader.php(576): include('/Applications/X...')
#3 /Applications/XAMPP/xamppfiles/htdocs/web/local-business-discovery/vendor/composer/ClassLoader.php(427): Composer\\Autoload\\{closure}('/Applications/X...')
#4 /Applications/XAMPP/xamppfiles/htdocs/web/local-business-discovery/vendor/nunomaduro/collision/src/Handler.php(15): Composer\\Autoload\\ClassLoader->loadClass('Whoops\\\\Handler\\\\...')
#5 /Applications/XAMPP/xamppfiles/htdocs/web/local-business-discovery/vendor/composer/ClassLoader.php(576): include('/Applications/X...')
#6 /Applications/XAMPP/xamppfiles/htdocs/web/local-business-discovery/vendor/composer/ClassLoader.php(427): Composer\\Autoload\\{closure}('/Applications/X...')
#7 /Applications/XAMPP/xamppfiles/htdocs/web/local-business-discovery/vendor/nunomaduro/collision/src/Adapters/Laravel/CollisionServiceProvider.php(55): Composer\\Autoload\\ClassLoader->loadClass('NunoMaduro\\\\Coll...')
#8 /Applications/XAMPP/xamppfiles/htdocs/web/local-business-discovery/vendor/laravel/framework/src/Illuminate/Container/Container.php(1010): NunoMaduro\\Collision\\Adapters\\Laravel\\CollisionServiceProvider->NunoMaduro\\Collision\\Adapters\\Laravel\\{closure}(Object(Illuminate\\Foundation\\Application), Array)
#9 /Applications/XAMPP/xamppfiles/htdocs/web/local-business-discovery/vendor/laravel/framework/src/Illuminate/Container/Container.php(890): Illuminate\\Container\\Container->build(Object(Closure))
#10 /Applications/XAMPP/xamppfiles/htdocs/web/local-business-discovery/vendor/laravel/framework/src/Illuminate/Foundation/Application.php(1077): Illuminate\\Container\\Container->resolve('NunoMaduro\\\\Coll...', Array, true)
#11 /Applications/XAMPP/xamppfiles/htdocs/web/local-business-discovery/vendor/laravel/framework/src/Illuminate/Container/Container.php(821): Illuminate\\Foundation\\Application->resolve('NunoMaduro\\\\Coll...', Array)
#12 /Applications/XAMPP/xamppfiles/htdocs/web/local-business-discovery/vendor/laravel/framework/src/Illuminate/Foundation/Application.php(1057): Illuminate\\Container\\Container->make('NunoMaduro\\\\Coll...', Array)
#13 /Applications/XAMPP/xamppfiles/htdocs/web/local-business-discovery/vendor/nunomaduro/collision/src/Adapters/Laravel/ExceptionHandler.php(66): Illuminate\\Foundation\\Application->make('NunoMaduro\\\\Coll...')
#14 /Applications/XAMPP/xamppfiles/htdocs/web/local-business-discovery/vendor/laravel/framework/src/Illuminate/Foundation/Console/Kernel.php(632): NunoMaduro\\Collision\\Adapters\\Laravel\\ExceptionHandler->renderForConsole(Object(Symfony\\Component\\Console\\Output\\ConsoleOutput), Object(ErrorException))
#15 /Applications/XAMPP/xamppfiles/htdocs/web/local-business-discovery/vendor/laravel/framework/src/Illuminate/Foundation/Console/Kernel.php(201): Illuminate\\Foundation\\Console\\Kernel->renderException(Object(Symfony\\Component\\Console\\Output\\ConsoleOutput), Object(ErrorException))
#16 /Applications/XAMPP/xamppfiles/htdocs/web/local-business-discovery/vendor/laravel/framework/src/Illuminate/Foundation/Application.php(1234): Illuminate\\Foundation\\Console\\Kernel->handle(Object(Symfony\\Component\\Console\\Input\\ArgvInput), Object(Symfony\\Component\\Console\\Output\\ConsoleOutput))
#17 /Applications/XAMPP/xamppfiles/htdocs/web/local-business-discovery/artisan(16): Illuminate\\Foundation\\Application->handleCommand(Object(Symfony\\Component\\Console\\Input\\ArgvInput))
#18 {main}
"} 
[2025-06-25 11:53:34] local.ERROR: Uncaught ErrorException: include(/Applications/XAMPP/xamppfiles/htdocs/web/local-business-discovery/vendor/composer/../filp/whoops/src/Whoops/Handler/Handler.php): Failed to open stream: No such file or directory in /Applications/XAMPP/xamppfiles/htdocs/web/local-business-discovery/vendor/composer/ClassLoader.php:576
Stack trace:
#0 /Applications/XAMPP/xamppfiles/htdocs/web/local-business-discovery/vendor/laravel/framework/src/Illuminate/Foundation/Bootstrap/HandleExceptions.php(256): Illuminate\Foundation\Bootstrap\HandleExceptions->handleError(2, 'include(/Applic...', '/Applications/X...', 576)
#1 /Applications/XAMPP/xamppfiles/htdocs/web/local-business-discovery/vendor/composer/ClassLoader.php(576): Illuminate\Foundation\Bootstrap\HandleExceptions->Illuminate\Foundation\Bootstrap\{closure}(2, 'include(/Applic...', '/Applications/X...', 576)
#2 /Applications/XAMPP/xamppfiles/htdocs/web/local-business-discovery/vendor/composer/ClassLoader.php(576): include('/Applications/X...')
#3 /Applications/XAMPP/xamppfiles/htdocs/web/local-business-discovery/vendor/composer/ClassLoader.php(427): Composer\Autoload\{closure}('/Applications/X...')
#4 /Applications/XAMPP/xamppfiles/htdocs/web/local-business-discovery/vendor/nunomaduro/collision/src/Handler.php(15): Composer\Autoload\ClassLoader->loadClass('Whoops\\Handler\\...')
#5 /Applications/XAMPP/xamppfiles/htdocs/web/local-business-discovery/vendor/composer/ClassLoader.php(576): include('/Applications/X...')
#6 /Applications/XAMPP/xamppfiles/htdocs/web/local-business-discovery/vendor/composer/ClassLoader.php(427): Composer\Autoload\{closure}('/Applications/X...')
#7 /Applications/XAMPP/xamppfiles/htdocs/web/local-business-discovery/vendor/nunomaduro/collision/src/Adapters/Laravel/CollisionServiceProvider.php(55): Composer\Autoload\ClassLoader->loadClass('NunoMaduro\\Coll...')
#8 /Applications/XAMPP/xamppfiles/htdocs/web/local-business-discovery/vendor/laravel/framework/src/Illuminate/Container/Container.php(1010): NunoMaduro\Collision\Adapters\Laravel\CollisionServiceProvider->NunoMaduro\Collision\Adapters\Laravel\{closure}(Object(Illuminate\Foundation\Application), Array)
#9 /Applications/XAMPP/xamppfiles/htdocs/web/local-business-discovery/vendor/laravel/framework/src/Illuminate/Container/Container.php(890): Illuminate\Container\Container->build(Object(Closure))
#10 /Applications/XAMPP/xamppfiles/htdocs/web/local-business-discovery/vendor/laravel/framework/src/Illuminate/Foundation/Application.php(1077): Illuminate\Container\Container->resolve('NunoMaduro\\Coll...', Array, true)
#11 /Applications/XAMPP/xamppfiles/htdocs/web/local-business-discovery/vendor/laravel/framework/src/Illuminate/Container/Container.php(821): Illuminate\Foundation\Application->resolve('NunoMaduro\\Coll...', Array)
#12 /Applications/XAMPP/xamppfiles/htdocs/web/local-business-discovery/vendor/laravel/framework/src/Illuminate/Foundation/Application.php(1057): Illuminate\Container\Container->make('NunoMaduro\\Coll...', Array)
#13 /Applications/XAMPP/xamppfiles/htdocs/web/local-business-discovery/vendor/nunomaduro/collision/src/Adapters/Laravel/ExceptionHandler.php(66): Illuminate\Foundation\Application->make('NunoMaduro\\Coll...')
#14 /Applications/XAMPP/xamppfiles/htdocs/web/local-business-discovery/vendor/laravel/framework/src/Illuminate/Foundation/Bootstrap/HandleExceptions.php(208): NunoMaduro\Collision\Adapters\Laravel\ExceptionHandler->renderForConsole(Object(Symfony\Component\Console\Output\ConsoleOutput), Object(ErrorException))
#15 /Applications/XAMPP/xamppfiles/htdocs/web/local-business-discovery/vendor/laravel/framework/src/Illuminate/Foundation/Bootstrap/HandleExceptions.php(190): Illuminate\Foundation\Bootstrap\HandleExceptions->renderForConsole(Object(ErrorException))
#16 /Applications/XAMPP/xamppfiles/htdocs/web/local-business-discovery/vendor/laravel/framework/src/Illuminate/Foundation/Bootstrap/HandleExceptions.php(256): Illuminate\Foundation\Bootstrap\HandleExceptions->handleException(Object(ErrorException))
#17 [internal function]: Illuminate\Foundation\Bootstrap\HandleExceptions->Illuminate\Foundation\Bootstrap\{closure}(Object(ErrorException))
#18 {main}
  thrown {"exception":"[object] (Symfony\\Component\\ErrorHandler\\Error\\FatalError(code: 0): Uncaught ErrorException: include(/Applications/XAMPP/xamppfiles/htdocs/web/local-business-discovery/vendor/composer/../filp/whoops/src/Whoops/Handler/Handler.php): Failed to open stream: No such file or directory in /Applications/XAMPP/xamppfiles/htdocs/web/local-business-discovery/vendor/composer/ClassLoader.php:576
Stack trace:
#0 /Applications/XAMPP/xamppfiles/htdocs/web/local-business-discovery/vendor/laravel/framework/src/Illuminate/Foundation/Bootstrap/HandleExceptions.php(256): Illuminate\\Foundation\\Bootstrap\\HandleExceptions->handleError(2, 'include(/Applic...', '/Applications/X...', 576)
#1 /Applications/XAMPP/xamppfiles/htdocs/web/local-business-discovery/vendor/composer/ClassLoader.php(576): Illuminate\\Foundation\\Bootstrap\\HandleExceptions->Illuminate\\Foundation\\Bootstrap\\{closure}(2, 'include(/Applic...', '/Applications/X...', 576)
#2 /Applications/XAMPP/xamppfiles/htdocs/web/local-business-discovery/vendor/composer/ClassLoader.php(576): include('/Applications/X...')
#3 /Applications/XAMPP/xamppfiles/htdocs/web/local-business-discovery/vendor/composer/ClassLoader.php(427): Composer\\Autoload\\{closure}('/Applications/X...')
#4 /Applications/XAMPP/xamppfiles/htdocs/web/local-business-discovery/vendor/nunomaduro/collision/src/Handler.php(15): Composer\\Autoload\\ClassLoader->loadClass('Whoops\\\\Handler\\\\...')
#5 /Applications/XAMPP/xamppfiles/htdocs/web/local-business-discovery/vendor/composer/ClassLoader.php(576): include('/Applications/X...')
#6 /Applications/XAMPP/xamppfiles/htdocs/web/local-business-discovery/vendor/composer/ClassLoader.php(427): Composer\\Autoload\\{closure}('/Applications/X...')
#7 /Applications/XAMPP/xamppfiles/htdocs/web/local-business-discovery/vendor/nunomaduro/collision/src/Adapters/Laravel/CollisionServiceProvider.php(55): Composer\\Autoload\\ClassLoader->loadClass('NunoMaduro\\\\Coll...')
#8 /Applications/XAMPP/xamppfiles/htdocs/web/local-business-discovery/vendor/laravel/framework/src/Illuminate/Container/Container.php(1010): NunoMaduro\\Collision\\Adapters\\Laravel\\CollisionServiceProvider->NunoMaduro\\Collision\\Adapters\\Laravel\\{closure}(Object(Illuminate\\Foundation\\Application), Array)
#9 /Applications/XAMPP/xamppfiles/htdocs/web/local-business-discovery/vendor/laravel/framework/src/Illuminate/Container/Container.php(890): Illuminate\\Container\\Container->build(Object(Closure))
#10 /Applications/XAMPP/xamppfiles/htdocs/web/local-business-discovery/vendor/laravel/framework/src/Illuminate/Foundation/Application.php(1077): Illuminate\\Container\\Container->resolve('NunoMaduro\\\\Coll...', Array, true)
#11 /Applications/XAMPP/xamppfiles/htdocs/web/local-business-discovery/vendor/laravel/framework/src/Illuminate/Container/Container.php(821): Illuminate\\Foundation\\Application->resolve('NunoMaduro\\\\Coll...', Array)
#12 /Applications/XAMPP/xamppfiles/htdocs/web/local-business-discovery/vendor/laravel/framework/src/Illuminate/Foundation/Application.php(1057): Illuminate\\Container\\Container->make('NunoMaduro\\\\Coll...', Array)
#13 /Applications/XAMPP/xamppfiles/htdocs/web/local-business-discovery/vendor/nunomaduro/collision/src/Adapters/Laravel/ExceptionHandler.php(66): Illuminate\\Foundation\\Application->make('NunoMaduro\\\\Coll...')
#14 /Applications/XAMPP/xamppfiles/htdocs/web/local-business-discovery/vendor/laravel/framework/src/Illuminate/Foundation/Bootstrap/HandleExceptions.php(208): NunoMaduro\\Collision\\Adapters\\Laravel\\ExceptionHandler->renderForConsole(Object(Symfony\\Component\\Console\\Output\\ConsoleOutput), Object(ErrorException))
#15 /Applications/XAMPP/xamppfiles/htdocs/web/local-business-discovery/vendor/laravel/framework/src/Illuminate/Foundation/Bootstrap/HandleExceptions.php(190): Illuminate\\Foundation\\Bootstrap\\HandleExceptions->renderForConsole(Object(ErrorException))
#16 /Applications/XAMPP/xamppfiles/htdocs/web/local-business-discovery/vendor/laravel/framework/src/Illuminate/Foundation/Bootstrap/HandleExceptions.php(256): Illuminate\\Foundation\\Bootstrap\\HandleExceptions->handleException(Object(ErrorException))
#17 [internal function]: Illuminate\\Foundation\\Bootstrap\\HandleExceptions->Illuminate\\Foundation\\Bootstrap\\{closure}(Object(ErrorException))
#18 {main}
  thrown at /Applications/XAMPP/xamppfiles/htdocs/web/local-business-discovery/vendor/composer/ClassLoader.php:576)
[stacktrace]
#0 {main}
"} 
